{"C:\\_repos\\git\\grunt-doktor\\tests\\test1_methods_spec.js":{"path":"C:\\_repos\\git\\grunt-doktor\\tests\\test1_methods_spec.js","s":{"1":1,"2":1,"3":1,"4":1,"5":1,"6":1,"7":1,"8":1,"9":1,"10":1,"11":1,"12":1,"13":1,"14":1,"15":1,"16":1,"17":1,"18":1,"19":1,"20":1,"21":1,"22":1,"23":1,"24":1,"25":1,"26":1,"27":1,"28":1,"29":1,"30":1,"31":1,"32":1,"33":1,"34":1,"35":1,"36":1,"37":1,"38":1,"39":1,"40":1,"41":1,"42":1,"43":1,"44":1,"45":1,"46":1,"47":1},"b":{},"f":{"1":1,"2":1,"3":1,"4":1,"5":1,"6":1,"7":1,"8":1,"9":1},"fnMap":{"1":{"name":"(anonymous_1)","line":6,"loc":{"start":{"line":6,"column":45},"end":{"line":6,"column":56}}},"2":{"name":"(anonymous_2)","line":11,"loc":{"start":{"line":11,"column":28},"end":{"line":11,"column":39}}},"3":{"name":"(anonymous_3)","line":14,"loc":{"start":{"line":14,"column":48},"end":{"line":14,"column":59}}},"4":{"name":"(anonymous_4)","line":24,"loc":{"start":{"line":24,"column":39},"end":{"line":24,"column":50}}},"5":{"name":"(anonymous_5)","line":40,"loc":{"start":{"line":40,"column":27},"end":{"line":40,"column":38}}},"6":{"name":"(anonymous_6)","line":51,"loc":{"start":{"line":51,"column":28},"end":{"line":51,"column":39}}},"7":{"name":"(anonymous_7)","line":54,"loc":{"start":{"line":54,"column":35},"end":{"line":54,"column":46}}},"8":{"name":"(anonymous_8)","line":67,"loc":{"start":{"line":67,"column":23},"end":{"line":67,"column":34}}},"9":{"name":"(anonymous_9)","line":71,"loc":{"start":{"line":71,"column":56},"end":{"line":71,"column":67}}}},"statementMap":{"1":{"start":{"line":3,"column":0},"end":{"line":4,"column":28}},"2":{"start":{"line":6,"column":0},"end":{"line":78,"column":3}},"3":{"start":{"line":8,"column":1},"end":{"line":9,"column":54}},"4":{"start":{"line":11,"column":1},"end":{"line":48,"column":4}},"5":{"start":{"line":12,"column":2},"end":{"line":12,"column":40}},"6":{"start":{"line":14,"column":2},"end":{"line":22,"column":5}},"7":{"start":{"line":15,"column":3},"end":{"line":15,"column":37}},"8":{"start":{"line":16,"column":3},"end":{"line":16,"column":35}},"9":{"start":{"line":17,"column":3},"end":{"line":17,"column":36}},"10":{"start":{"line":18,"column":3},"end":{"line":18,"column":36}},"11":{"start":{"line":21,"column":3},"end":{"line":21,"column":40}},"12":{"start":{"line":24,"column":2},"end":{"line":38,"column":5}},"13":{"start":{"line":25,"column":3},"end":{"line":25,"column":38}},"14":{"start":{"line":26,"column":3},"end":{"line":26,"column":39}},"15":{"start":{"line":27,"column":3},"end":{"line":27,"column":40}},"16":{"start":{"line":28,"column":3},"end":{"line":28,"column":41}},"17":{"start":{"line":29,"column":3},"end":{"line":29,"column":42}},"18":{"start":{"line":30,"column":3},"end":{"line":30,"column":43}},"19":{"start":{"line":31,"column":3},"end":{"line":31,"column":44}},"20":{"start":{"line":32,"column":3},"end":{"line":32,"column":32}},"21":{"start":{"line":33,"column":3},"end":{"line":33,"column":33}},"22":{"start":{"line":34,"column":3},"end":{"line":34,"column":34}},"23":{"start":{"line":35,"column":3},"end":{"line":35,"column":35}},"24":{"start":{"line":36,"column":3},"end":{"line":36,"column":36}},"25":{"start":{"line":37,"column":3},"end":{"line":37,"column":37}},"26":{"start":{"line":40,"column":2},"end":{"line":47,"column":5}},"27":{"start":{"line":41,"column":3},"end":{"line":41,"column":31}},"28":{"start":{"line":42,"column":3},"end":{"line":42,"column":33}},"29":{"start":{"line":43,"column":3},"end":{"line":43,"column":33}},"30":{"start":{"line":44,"column":3},"end":{"line":44,"column":34}},"31":{"start":{"line":45,"column":3},"end":{"line":45,"column":32}},"32":{"start":{"line":51,"column":1},"end":{"line":64,"column":4}},"33":{"start":{"line":52,"column":2},"end":{"line":52,"column":40}},"34":{"start":{"line":54,"column":2},"end":{"line":63,"column":5}},"35":{"start":{"line":56,"column":3},"end":{"line":56,"column":56}},"36":{"start":{"line":57,"column":3},"end":{"line":57,"column":58}},"37":{"start":{"line":58,"column":3},"end":{"line":58,"column":58}},"38":{"start":{"line":59,"column":3},"end":{"line":59,"column":60}},"39":{"start":{"line":60,"column":3},"end":{"line":60,"column":68}},"40":{"start":{"line":61,"column":3},"end":{"line":61,"column":54}},"41":{"start":{"line":62,"column":3},"end":{"line":62,"column":66}},"42":{"start":{"line":67,"column":1},"end":{"line":76,"column":4}},"43":{"start":{"line":68,"column":2},"end":{"line":69,"column":19}},"44":{"start":{"line":71,"column":2},"end":{"line":75,"column":5}},"45":{"start":{"line":72,"column":3},"end":{"line":72,"column":54}},"46":{"start":{"line":73,"column":3},"end":{"line":73,"column":54}},"47":{"start":{"line":74,"column":3},"end":{"line":74,"column":96}}},"branchMap":{}},"C:\\_repos\\git\\grunt-doktor\\tests\\test2_grunt_spec.js":{"path":"C:\\_repos\\git\\grunt-doktor\\tests\\test2_grunt_spec.js","s":{"1":1,"2":1},"b":{},"f":{"1":1},"fnMap":{"1":{"name":"(anonymous_1)","line":7,"loc":{"start":{"line":7,"column":55},"end":{"line":7,"column":66}}}},"statementMap":{"1":{"start":{"line":3,"column":0},"end":{"line":4,"column":27}},"2":{"start":{"line":7,"column":0},"end":{"line":10,"column":3}}},"branchMap":{}}}