{"C:\\_repos\\git\\grunt-doktor\\tests\\test1_methods_spec.js":{"path":"C:\\_repos\\git\\grunt-doktor\\tests\\test1_methods_spec.js","s":{"1":1,"2":1,"3":1},"b":{},"f":{"1":1},"fnMap":{"1":{"name":"(anonymous_1)","line":6,"loc":{"start":{"line":6,"column":45},"end":{"line":6,"column":56}}}},"statementMap":{"1":{"start":{"line":3,"column":0},"end":{"line":4,"column":28}},"2":{"start":{"line":6,"column":0},"end":{"line":13,"column":3}},"3":{"start":{"line":8,"column":1},"end":{"line":9,"column":54}}},"branchMap":{}},"C:\\_repos\\git\\grunt-doktor\\tests\\test2_grunt_spec.js":{"path":"C:\\_repos\\git\\grunt-doktor\\tests\\test2_grunt_spec.js","s":{"1":1,"2":1},"b":{},"f":{"1":1},"fnMap":{"1":{"name":"(anonymous_1)","line":7,"loc":{"start":{"line":7,"column":55},"end":{"line":7,"column":66}}}},"statementMap":{"1":{"start":{"line":3,"column":0},"end":{"line":4,"column":27}},"2":{"start":{"line":7,"column":0},"end":{"line":10,"column":3}}},"branchMap":{}}}